<?xml version="1.0" encoding="UTF-8"?>
<!-- Generated by org.testng.reporters.JUnitReportReporter -->
<testsuite hostname="LAPTOP-19KBGNDQ" failures="0" tests="1" name="test_some_functions.AmazonAddToCartTest" time="9.783" errors="0" timestamp="2023-01-25T02:06:44 EST" skipped="0">
  <testcase classname="test_some_functions.AmazonAddToCartTest" name="testSearch" time="9.783"/>
  <system-out/>
</testsuite> <!-- test_some_functions.AmazonAddToCartTest -->
