<?xml version="1.0" encoding="UTF-8"?>
<!-- Generated by org.testng.reporters.JUnitReportReporter -->
<testsuite hostname="LAPTOP-19KBGNDQ" failures="0" tests="1" name="com.auto.testcases.logintest" time="3.947" errors="0" timestamp="2023-01-16T00:58:51 EST" skipped="0">
  <testcase classname="com.auto.testcases.logintest" name="loginmanager" time="3.947"/>
  <system-out/>
</testsuite> <!-- com.auto.testcases.logintest -->
